Case #1: IFK-AWM AWM-ARL ARL-EEC EEC-FVL FVL-ALV ALV-DRB DRB-DOR DOR-IEA IEA-ISZ ISZ-KTE 
Case #2: LWK-DSV DSV-DVF DVF-OBU OBU-OLM OLM-EPX EPX-NYA NYA-EIF EIF-HDG HDG-OTG 
Case #3: CQX-GNT GNT-JNZ JNZ-IZF 
Case #4: LUF-JZG JZG-FDH FDH-OKI OKI-CGW CGW-IWD IWD-HAN HAN-BOU BOU-IBK IBK-GSV 
Case #5: EAJ-GFG GFG-NEU NEU-IIY IIY-HXL HXL-BZW BZW-ISQ ISQ-IXR IXR-APO APO-JSJ 
Case #6: JDM-DNP DNP-ESL ESL-ECQ ECQ-KWN 
Case #7: GCN-GUX GUX-DYM DYM-DJK DJK-KDV 
Case #8: MUQ-AYZ AYZ-EIH EIH-LUP LUP-BQQ BQQ-DDE DDE-HTA HTA-JOC JOC-AIH AIH-EGH EGH-IFB 
Case #9: HYY-HAZ HAZ-OQJ 
Case #10: FRO-FDJ FDJ-GEU GEU-BBT BBT-JSD JSD-FFQ FFQ-GPZ GPZ-DYZ DYZ-IPK IPK-DEH DEH-NRO 
Case #11: GMJ-FUL FUL-FDY FDY-IQJ IQJ-GNN GNN-IZB IZB-JHR 
Case #12: DHS-BSQ 
Case #13: OTJ-GII GII-IKG IKG-LMJ LMJ-KXS KXS-FBN FBN-IEU IEU-ITH 
Case #14: LMM-MZT MZT-MEC MEC-DYG DYG-GMB GMB-AUC AUC-BWD BWD-IEB IEB-FXZ FXZ-OUG 
Case #15: GXR-OMB OMB-CFQ CFQ-MNN MNN-ILU ILU-HWZ 
Case #16: HLA-EKP EKP-FVL FVL-HQD HQD-OOZ OOZ-FJK FJK-HDG HDG-DZH DZH-DLR DLR-DNM 
Case #17: IMC-DOT DOT-DIL DIL-AJB AJB-CLE CLE-CEY 
Case #18: FRG-MOL MOL-MWN MWN-JDH JDH-DNH DNH-OFS OFS-ASJ ASJ-KPS KPS-GQL GQL-HBU HBU-FSO 
Case #19: CAE-FAN FAN-MKJ MKJ-GVI GVI-MPO MPO-LEQ 
Case #20: JWR-MJD MJD-ARR ARR-MIT MIT-MEZ MEZ-BNZ 
Case #21: NHH-MSY MSY-HXP 
Case #22: EHF-CIN CIN-JTE 
Case #23: FJK-MMP MMP-DHM DHM-IHH 
Case #24: EQR-FXC FXC-JWB JWB-LQH LQH-BZL BZL-DWI DWI-OOF OOF-BFH BFH-JWN 
Case #25: LHL-HWQ HWQ-EEU EEU-OEA OEA-JJQ JJQ-GHA GHA-CHX CHX-BUW 
Case #26: CKN-IEF IEF-CHJ CHJ-EXX EXX-ENC ENC-FHX FHX-FFQ FFQ-HBL HBL-LSZ LSZ-GHQ 
Case #27: CNX-BXU BXU-IVO IVO-LFS LFS-MND 
Case #28: EAU-DGF 
Case #29: FLO-KXU KXU-AEQ 
Case #30: KOB-LCQ LCQ-HPZ HPZ-JML JML-GUR GUR-AIS AIS-IRV IRV-GXI 
Case #31: CWU-LAV LAV-CRH CRH-FJE 
Case #32: ONY-BXQ BXQ-EFW 
Case #33: GNF-LLQ LLQ-GFR GFR-NTZ NTZ-NGJ NGJ-MJO MJO-MQC MQC-NIN 
Case #34: DLI-EHM EHM-NZI NZI-DDM 
Case #35: HMJ-GXR GXR-OTX OTX-KBN KBN-IRL IRL-KZL KZL-FWO FWO-EHG EHG-GBY 
Case #36: FFA-LZX 
Case #37: LWJ-DQT DQT-GTP GTP-LOY LOY-ONZ 
Case #38: HOQ-NXD NXD-AGG AGG-GUA GUA-ACI ACI-NOI NOI-ODO 
Case #39: MVP-EMV EMV-COE COE-LER LER-IVG IVG-GQJ GQJ-ITX ITX-BSL BSL-FIE FIE-KOM 
Case #40: IBO-HTP HTP-DIF 
Case #41: JWC-EJO EJO-FSN FSN-NNN NNN-DPC DPC-IVQ IVQ-ETP ETP-IFR 
Case #42: FFT-MWH MWH-HBH HBH-DVU DVU-FID FID-LPR 
Case #43: FSO-GYQ GYQ-MGR MGR-FWZ FWZ-CTB CTB-EVK EVK-GDZ GDZ-CES CES-BZH 
Case #44: BMO-FXS 
Case #45: NEH-CWV CWV-EFZ EFZ-DGQ DGQ-LKC LKC-MNQ MNQ-HYD HYD-CBV CBV-GGI 
Case #46: JVB-OUN OUN-OBI OBI-KBR KBR-JQI JQI-MPZ MPZ-BLS BLS-DYC 
Case #47: AVR-GQG GQG-DOL DOL-BBI BBI-CUB CUB-HPS HPS-OFA OFA-GIF GIF-HGK HGK-JNT 
Case #48: LFJ-OCP OCP-KNQ KNQ-HDL HDL-HCN HCN-JBW JBW-OIF OIF-GCY GCY-BIZ BIZ-MWB MWB-BUW 
Case #49: KTA-DKO DKO-EPP EPP-HDU 
Case #50: GMB-OPY OPY-GDY GDY-HZH HZH-LFD LFD-JOX JOX-BFZ BFZ-EPF EPF-ARN ARN-JWT JWT-MNW 
Case #51: BKX-EZG EZG-EWY EWY-HTA HTA-EZF EZF-OMN OMN-CCA CCA-OLZ 
Case #52: FTG-JPF 
Case #53: ABV-HJN HJN-IHZ IHZ-MWQ MWQ-CGE CGE-FCO FCO-LGC LGC-BKC BKC-HYT HYT-ANS 
Case #54: OBJ-DIF DIF-HXR HXR-GQU GQU-ISY ISY-MPU MPU-KIB KIB-GNP GNP-OGA 
Case #55: DEE-HSR HSR-JNK JNK-BXD BXD-CGK CGK-DNW DNW-NSX NSX-AGK AGK-BAJ 
Case #56: FMC-FFG 
Case #57: GHB-CMV CMV-GKV GKV-LJJ 
Case #58: JFD-KOO KOO-BJV BJV-NWC NWC-BMJ BMJ-JUV JUV-KPL KPL-BZO BZO-HVB HVB-GRK GRK-MOB 
Case #59: OIJ-CYE CYE-BFW BFW-MWE MWE-GTA GTA-GJX GJX-NSN 
Case #60: DHY-DKI DKI-EQC EQC-AKZ AKZ-CCW CCW-KEV KEV-MOS MOS-LEZ LEZ-KSB KSB-MDE 
Case #61: IHP-EOU EOU-JCY 
Case #62: ABV-CDI CDI-MFX MFX-GSJ GSJ-CYO CYO-DCF DCF-FFQ FFQ-LDR 
Case #63: MPE-HRM HRM-HEY HEY-FZJ FZJ-DDY DDY-FAV FAV-ANG ANG-NNQ NNQ-HAO HAO-DUY 
Case #64: MFW-MFZ MFZ-CXJ CXJ-EQE EQE-CMP CMP-MYK MYK-GHX GHX-LTQ LTQ-IZU IZU-MOH MOH-ALL 
Case #65: HDN-KGJ KGJ-FUR FUR-NKJ NKJ-CAX 
Case #66: OKH-LSE LSE-LQB LQB-EDD EDD-NJB 
Case #67: JWW-IVH IVH-KPY KPY-DXK DXK-BVY BVY-MOS MOS-CDX CDX-KXY KXY-GLJ GLJ-NTD 
Case #68: CSX-DDT DDT-NOS NOS-NDD NDD-BUV BUV-AWA AWA-LUW 
Case #69: HQW-CZH 
Case #70: OCG-JVJ JVJ-KYW KYW-IBZ 
Case #71: BWI-MTF MTF-OGP OGP-BSE BSE-AXE AXE-IVP IVP-BMA BMA-EEQ EEQ-AGS 
Case #72: MTO-IAP IAP-BYY 
Case #73: LOT-IQR IQR-JQV JQV-GXO GXO-JNT JNT-KMX KMX-EIU EIU-OMU OMU-CHJ CHJ-FYC 
Case #74: CZQ-MSR MSR-LKN 
Case #75: DYK-HHY HHY-NWL NWL-FYH FYH-ECG ECG-AWJ AWJ-JEP JEP-BPL BPL-MEZ MEZ-LWP 
Case #76: DUQ-ETK ETK-EKD EKD-CUF CUF-IIE IIE-EUL EUL-LZA LZA-ARN ARN-ILS ILS-KTJ KTJ-CKY 
Case #77: BQV-KKI KKI-BVN BVN-HZT HZT-EXA EXA-HYO HYO-BBT BBT-KGP KGP-JQL JQL-NMA NMA-ATK 
Case #78: MUE-BMZ 
Case #79: AJE-JQB JQB-HME HME-GXM GXM-MVO MVO-DIK DIK-IIP IIP-EDI EDI-IPR IPR-IKR IKR-AMS 
Case #80: GWW-JRM JRM-GUA GUA-JDW JDW-AWV AWV-IGV IGV-GTG GTG-IPF 
Case #81: FHJ-OAR OAR-MFL 
Case #82: MUU-IJS 
Case #83: CEG-NWZ NWZ-BYQ BYQ-KHR KHR-HLO HLO-NNX 
Case #84: KLN-OKH OKH-MML MML-JHB JHB-FGO FGO-GIT GIT-IZC 
Case #85: NLE-BKQ BKQ-MLG MLG-FJR 
Case #86: OHR-GVU GVU-ORM ORM-CVH CVH-HYL HYL-IUP IUP-EHR EHR-IKW 
Case #87: OGR-LFO LFO-EGB EGB-GJO GJO-ORT 
Case #88: BIE-DJP DJP-DZW DZW-BNO BNO-DVH 
Case #89: HVO-JTX JTX-CKU CKU-NJY NJY-JUO JUO-EDZ 
Case #90: GET-GFN GFN-LKK LKK-GWY GWY-AZE AZE-KDG 
Case #91: GEC-HWJ HWJ-EFU 
Case #92: HAN-HQE HQE-LZR LZR-OJI OJI-KNF KNF-IQZ IQZ-FEO FEO-CZP 
Case #93: BEP-ERZ ERZ-ONX ONX-AST AST-IIP IIP-CAR CAR-DLE DLE-GWZ GWZ-NJQ 
Case #94: DRH-GMO GMO-MGT MGT-ECJ ECJ-MQO MQO-CCI CCI-OMB OMB-MYK 
Case #95: LLG-BXK BXK-DFZ DFZ-BZA BZA-AUT AUT-OSD 
Case #96: ISP-BEK 
Case #97: CYB-EPA EPA-EQI EQI-BSU BSU-OLZ OLZ-FAO FAO-MFT MFT-NKN 
Case #98: JWM-KLN KLN-CRM CRM-EUC EUC-JQJ JQJ-NIT NIT-JCK JCK-OAB OAB-KRS KRS-CMQ 
Case #99: LSK-BWJ BWJ-FDQ 
Case #100: ELT-CYK CYK-GHA GHA-DDE DDE-OMX OMX-GFN GFN-JPO JPO-GTN GTN-CBL CBL-NFI NFI-JPT JPT-GXZ GXZ-MIO MIO-KAA KAA-FLN FLN-HLB HLB-DDL DDL-EZU EZU-GTV GTV-KIF KIF-MNJ MNJ-HVP HVP-KXY KXY-ANS ANS-BRT BRT-EZF EZF-JOQ JOQ-CTM CTM-CKI CKI-GEK GEK-KGD KGD-CIE CIE-ADI ADI-DGN DGN-ESY ESY-GSV GSV-FNN FNN-MCL MCL-LHE LHE-CKE CKE-IGB IGB-EJC EJC-LHZ LHZ-DSC DSC-JZF JZF-AUB AUB-EUE EUE-KPW KPW-JSA JSA-DIQ DIQ-FFD FFD-MCU MCU-MQS MQS-ISQ ISQ-GGV GGV-NIS NIS-JVH JVH-FMB FMB-DLE DLE-AQA AQA-DML DML-CMC CMC-ILH ILH-HFW HFW-ACD ACD-IBK IBK-DVP DVP-BYW BYW-NUA NUA-OGF OGF-CUY CUY-KCV KCV-FVV FVV-JRF JRF-LEE LEE-BFY BFY-MWI MWI-MGH MGH-ANQ ANQ-OFH OFH-LJB LJB-MSW MSW-FIR FIR-FQJ FQJ-MBS MBS-KNB KNB-JTR JTR-HDV HDV-NLA NLA-JRA JRA-JTK JTK-NXP NXP-IOU IOU-FCK FCK-CXP CXP-BRV BRV-CNA CNA-NLP NLP-IXR IXR-CYV CYV-NKS 
